SLURM_ARRAY_JOB_ID: 0
eeg_time_split: 0
fmri_subject: 1
fmri_hemi: left
>>> EEG-fMRI encoding fusion <<<

Input arguments:
eeg_subjects     [1, 2, 3]
fmri_subject     1
fmri_hemi        left
tot_eeg_time_splits 10
eeg_time_split   0
emd_dir          /scratch/giffordale95/projects/eeg_moments_dataset
bmd_dir          /scratch/giffordale95/projects/eeg_moments_dataset/bold_moments_dataset
  0%|          | 0/8 [00:00<?, ?it/s] 12%|█▎        | 1/8 [00:01<00:10,  1.49s/it] 25%|██▌       | 2/8 [00:03<00:10,  1.76s/it] 38%|███▊      | 3/8 [01:22<03:06, 37.24s/it] 50%|█████     | 4/8 [01:24<01:33, 23.35s/it] 62%|██████▎   | 5/8 [01:26<00:46, 15.57s/it] 75%|███████▌  | 6/8 [01:28<00:21, 10.81s/it] 88%|████████▊ | 7/8 [02:48<00:33, 33.36s/it]100%|██████████| 8/8 [02:49<00:00, 23.30s/it]100%|██████████| 8/8 [02:49<00:00, 21.23s/it]
  0%|          | 0/8 [00:00<?, ?it/s] 12%|█▎        | 1/8 [00:01<00:13,  1.92s/it] 25%|██▌       | 2/8 [01:17<04:32, 45.36s/it] 38%|███▊      | 3/8 [01:19<02:07, 25.59s/it] 50%|█████     | 4/8 [01:22<01:05, 16.45s/it] 62%|██████▎   | 5/8 [01:24<00:33, 11.25s/it] 75%|███████▌  | 6/8 [01:25<00:15,  7.84s/it] 88%|████████▊ | 7/8 [01:27<00:05,  5.82s/it]100%|██████████| 8/8 [01:28<00:00,  4.38s/it]100%|██████████| 8/8 [01:28<00:00, 11.05s/it]
Traceback (most recent call last):
  File "/home/giffordale95/projects/eeg_moments_dataset/github/EMD/04_eeg_fmri_fusion_all_sub/01_encoding_fusion.py", line 108, in <module>
    eeg_train_sub[v] = np.nanmean(eeg_sub[idx], 0)
                                  ~~~~~~~^^^^^
IndexError: index 8061 is out of bounds for axis 0 with size 8056
